#
# A fatal error has been detected by the Java Runtime Environment:
#
#  SIGSEGV (0xb) at pc=0x000000012f2a42ef, pid=1196, tid=0x0000000000006a03
#
# JRE version: Java(TM) SE Runtime Environment (8.0_181-b13) (build 1.8.0_181-b13)
# Java VM: Java HotSpot(TM) 64-Bit Server VM (25.181-b13 mixed mode bsd-amd64 compressed oops)
# Problematic frame:
# C  [libvips.42.dylib+0x1162ef]  vips_image_get_width+0x4
#
# Failed to write core dump. Core dumps have been disabled. To enable core dumping, try "ulimit -c unlimited" before starting Java again
#
# If you would like to submit a bug report, please visit:
#   http://bugreport.java.com/bugreport/crash.jsp
# The crash happened outside the Java Virtual Machine in native code.
# See problematic frame for where to report the bug.
#

---------------  T H R E A D  ---------------

Current thread (0x00007fd4e68ae800):  JavaThread "default-nioEventLoopGroup-1-7" [_thread_in_native, id=27139, stack(0x000070000fe69000,0x000070000ff69000)]

siginfo: si_signo: 11 (SIGSEGV), si_code: 1 (SEGV_MAPERR), si_addr: 0x0000000000000050

Registers:
RAX=0x0000000000000000, RBX=0x000000012efa55c0, RCX=0x0000000000000038, RDX=0x0000000000000042
RSP=0x000070000ff66350, RBP=0x000070000ff66350, RSI=0x000070000ff663c8, RDI=0x0000000000000000
R8 =0x00000001090dcca0, R9 =0x0000000718c39170, R10=0x00000000000000b0, R11=0x00000001090fae28
R12=0x0000000000000000, R13=0x000000012efa55c0, R14=0x000070000ff663c8, R15=0x00007fd4e68ae800
RIP=0x000000012f2a42ef, EFLAGS=0x0000000000010246, ERR=0x0000000000000004
  TRAPNO=0x000000000000000e

Top of Stack: (sp=0x000070000ff66350)
0x000070000ff66350:   000070000ff663a8 000000010f3a6667
0x000070000ff66360:   00000007164f3b68 000070000ff66368
0x000070000ff66370:   0000000000000000 000070000ff663c8
0x000070000ff66380:   000000012efa7da0 0000000000000000
0x000070000ff66390:   000000012efa55c0 0000000000000000
0x000070000ff663a0:   000070000ff663c8 000070000ff66410
0x000070000ff663b0:   000000010f395d00 0000000000000000
0x000070000ff663c0:   000000010f39fd16 0000000718c39170
0x000070000ff663d0:   000070000ff663d0 000000012e6fbb0d
0x000070000ff663e0:   000070000ff66460 000000012ef24f58
0x000070000ff663f0:   0000000000000000 000000012e6fbbc0
0x000070000ff66400:   000070000ff663c8 000070000ff66460
0x000070000ff66410:   000070000ff664a8 000000010f396040
0x000070000ff66420:   0000000000000000 0000000000000000
0x000070000ff66430:   0000000000000000 0000000000000000
0x000070000ff66440:   0000000718c39170 0000000000000000
0x000070000ff66450:   0000000000000000 0000000718c39170
0x000070000ff66460:   0000000718433a18 000070000ff66468
0x000070000ff66470:   000000012e6fb501 000070000ff664b8
0x000070000ff66480:   000000012ef24f58 0000000000000000
0x000070000ff66490:   000000012e6fb538 000070000ff66460
0x000070000ff664a0:   000070000ff664b8 000070000ff66508
0x000070000ff664b0:   000000010f396040 0000000718433a18
0x000070000ff664c0:   0000000718433a18 000070000ff664c8
0x000070000ff664d0:   000000012ea4a905 000070000ff66528
0x000070000ff664e0:   000000012ea4ada8 0000000000000000
0x000070000ff664f0:   000000012ea4a910 000070000ff664b8
0x000070000ff66500:   000070000ff66518 000070000ff66570
0x000070000ff66510:   000000010f396040 0000000719278118
0x000070000ff66520:   0000000718433a18 00000005c004b728
0x000070000ff66530:   000070000ff66530 000000012e999e68
0x000070000ff66540:   000070000ff66590 000000012e99da20 

Instructions: (pc=0x000000012f2a42ef)
0x000000012f2a42cf:   48 85 ff 74 10 e8 69 24 03 00 48 c7 83 28 01 00
0x000000012f2a42df:   00 00 00 00 00 48 83 c4 08 5b 5d c3 55 48 89 e5
0x000000012f2a42ef:   8b 47 50 5d c3 55 48 89 e5 8b 47 54 5d c3 55 48
0x000000012f2a42ff:   89 e5 8b 47 58 5d c3 55 48 89 e5 8b 47 5c 5d c3 

Register to memory mapping:

RAX=0x0000000000000000 is an unknown value
RBX={method} {0x000000012efa55c0} 'getWidth' '()I' in 'com/criteo/vips/VipsImage'
RCX=0x0000000000000038 is an unknown value
RDX=0x0000000000000042 is an unknown value
RSP=0x000070000ff66350 is pointing into the stack for thread: 0x00007fd4e68ae800
RBP=0x000070000ff66350 is pointing into the stack for thread: 0x00007fd4e68ae800
RSI=0x000070000ff663c8 is pointing into the stack for thread: 0x00007fd4e68ae800
RDI=0x0000000000000000 is an unknown value
R8 =0x00000001090dcca0: _ZTV13ObjArrayKlass+0x10 in /Library/Java/JavaVirtualMachines/jdk1.8.0_181.jdk/Contents/Home/jre/lib/server/libjvm.dylib at 0x0000000108800000
R9 =0x0000000718c39170 is an oop
com.criteo.vips.VipsImage 
 - klass: 'com/criteo/vips/VipsImage'
R10=0x00000000000000b0 is an unknown value
R11=0x00000001090fae28: _ZN20SafepointSynchronize18_safepoint_counterE+0 in /Library/Java/JavaVirtualMachines/jdk1.8.0_181.jdk/Contents/Home/jre/lib/server/libjvm.dylib at 0x0000000108800000
R12=0x0000000000000000 is an unknown value
R13={method} {0x000000012efa55c0} 'getWidth' '()I' in 'com/criteo/vips/VipsImage'
R14=0x000070000ff663c8 is pointing into the stack for thread: 0x00007fd4e68ae800
R15=0x00007fd4e68ae800 is a thread


Stack: [0x000070000fe69000,0x000070000ff69000],  sp=0x000070000ff66350,  free space=1012k
Native frames: (J=compiled Java code, j=interpreted, Vv=VM code, C=native code)
C  [libvips.42.dylib+0x1162ef]  vips_image_get_width+0x4
j  com.criteo.vips.VipsImage.getWidth()I+0
j  imageScalerMicronaut.ImageScalerController.vips_png()[B+29
j  imageScalerMicronaut.ImageScalerController.getPNG()Lio/micronaut/http/HttpResponse;+1
j  imageScalerMicronaut.$ImageScalerControllerDefinition$$exec2.invokeInternal(Ljava/lang/Object;[Ljava/lang/Object;)Ljava/lang/Object;+5
j  io.micronaut.context.AbstractExecutableMethod.invoke(Ljava/lang/Object;[Ljava/lang/Object;)Ljava/lang/Object;+8
j  io.micronaut.context.DefaultBeanContext$4.invoke([Ljava/lang/Object;)Ljava/lang/Object;+9
j  io.micronaut.web.router.AbstractRouteMatch.execute(Ljava/util/Map;)Ljava/lang/Object;+18
j  io.micronaut.web.router.RouteMatch.execute()Ljava/lang/Object;+4
j  io.micronaut.http.server.netty.RoutingInBoundHandler.lambda$buildResultEmitter$10(Lio/micronaut/web/router/RouteMatch;Ljava/util/concurrent/atomic/AtomicReference;Lio/micronaut/http/server/netty/NettyHttpRequest;Z)Lorg/reactivestreams/Publisher;+44
j  io.micronaut.http.server.netty.RoutingInBoundHandler$$Lambda$434.call()Ljava/lang/Object;+20
j  io.reactivex.internal.operators.flowable.FlowableDefer.subscribeActual(Lorg/reactivestreams/Subscriber;)V+4
j  io.reactivex.Flowable.subscribe(Lio/reactivex/FlowableSubscriber;)V+24
j  io.reactivex.Flowable.subscribe(Lorg/reactivestreams/Subscriber;)V+12
j  io.micronaut.http.server.context.ServerRequestContextFilter.lambda$doFilter$0(Lio/micronaut/scheduling/instrument/InvocationInstrumenter;Lorg/reactivestreams/Publisher;Lorg/reactivestreams/Subscriber;)V+12
j  io.micronaut.http.server.context.ServerRequestContextFilter$$Lambda$476.subscribe(Lorg/reactivestreams/Subscriber;)V+9
j  io.reactivex.internal.operators.flowable.FlowableFromPublisher.subscribeActual(Lorg/reactivestreams/Subscriber;)V+5
j  io.reactivex.Flowable.subscribe(Lio/reactivex/FlowableSubscriber;)V+24
j  io.reactivex.Flowable.subscribe(Lorg/reactivestreams/Subscriber;)V+35
j  io.micronaut.http.server.netty.RoutingInBoundHandler.lambda$buildExecutableRoute$6(Lio/micronaut/http/server/netty/NettyHttpRequest;Ljava/util/concurrent/ExecutorService;ZZLio/netty/channel/ChannelHandlerContext;Lio/micronaut/web/router/RouteMatch;)Ljava/lang/Object;+59
j  io.micronaut.http.server.netty.RoutingInBoundHandler$$Lambda$432.apply(Ljava/lang/Object;)Ljava/lang/Object;+28
j  io.micronaut.web.router.DefaultUriRouteMatch$1.execute(Ljava/util/Map;)Ljava/lang/Object;+8
j  io.micronaut.web.router.RouteMatch.execute()Ljava/lang/Object;+4
j  io.micronaut.http.server.netty.RoutingInBoundHandler.handleRouteMatch(Lio/micronaut/web/router/RouteMatch;Lio/micronaut/http/server/netty/NettyHttpRequest;Lio/netty/channel/ChannelHandlerContext;Z)V+151
j  io.micronaut.http.server.netty.RoutingInBoundHandler.channelRead0(Lio/netty/channel/ChannelHandlerContext;Lio/micronaut/http/HttpRequest;)V+1040
j  io.micronaut.http.server.netty.RoutingInBoundHandler.channelRead0(Lio/netty/channel/ChannelHandlerContext;Ljava/lang/Object;)V+6
j  io.netty.channel.SimpleChannelInboundHandler.channelRead(Lio/netty/channel/ChannelHandlerContext;Ljava/lang/Object;)V+17
j  io.netty.channel.AbstractChannelHandlerContext.invokeChannelRead(Ljava/lang/Object;)V+16
j  io.netty.channel.AbstractChannelHandlerContext.invokeChannelRead(Lio/netty/channel/AbstractChannelHandlerContext;Ljava/lang/Object;)V+31
j  io.netty.channel.AbstractChannelHandlerContext.fireChannelRead(Ljava/lang/Object;)Lio/netty/channel/ChannelHandlerContext;+7
j  io.netty.channel.SimpleChannelInboundHandler.channelRead(Lio/netty/channel/ChannelHandlerContext;Ljava/lang/Object;)V+27
j  io.netty.channel.AbstractChannelHandlerContext.invokeChannelRead(Ljava/lang/Object;)V+16
j  io.netty.channel.AbstractChannelHandlerContext.invokeChannelRead(Lio/netty/channel/AbstractChannelHandlerContext;Ljava/lang/Object;)V+31
j  io.netty.channel.AbstractChannelHandlerContext.fireChannelRead(Ljava/lang/Object;)Lio/netty/channel/ChannelHandlerContext;+7
j  io.netty.handler.codec.MessageToMessageDecoder.channelRead(Lio/netty/channel/ChannelHandlerContext;Ljava/lang/Object;)V+75
j  io.netty.channel.AbstractChannelHandlerContext.invokeChannelRead(Ljava/lang/Object;)V+16
j  io.netty.channel.AbstractChannelHandlerContext.invokeChannelRead(Lio/netty/channel/AbstractChannelHandlerContext;Ljava/lang/Object;)V+31
j  io.netty.channel.AbstractChannelHandlerContext.fireChannelRead(Ljava/lang/Object;)Lio/netty/channel/ChannelHandlerContext;+7
j  io.micronaut.http.netty.stream.HttpStreamsHandler.channelRead(Lio/netty/channel/ChannelHandlerContext;Ljava/lang/Object;)V+62
j  io.micronaut.http.netty.stream.HttpStreamsServerHandler.channelRead(Lio/netty/channel/ChannelHandlerContext;Ljava/lang/Object;)V+42
j  io.netty.channel.AbstractChannelHandlerContext.invokeChannelRead(Ljava/lang/Object;)V+16
j  io.netty.channel.AbstractChannelHandlerContext.invokeChannelRead(Lio/netty/channel/AbstractChannelHandlerContext;Ljava/lang/Object;)V+31
j  io.netty.channel.AbstractChannelHandlerContext.fireChannelRead(Ljava/lang/Object;)Lio/netty/channel/ChannelHandlerContext;+7
j  io.netty.handler.codec.MessageToMessageDecoder.channelRead(Lio/netty/channel/ChannelHandlerContext;Ljava/lang/Object;)V+75
j  io.netty.channel.AbstractChannelHandlerContext.invokeChannelRead(Ljava/lang/Object;)V+16
j  io.netty.channel.AbstractChannelHandlerContext.invokeChannelRead(Lio/netty/channel/AbstractChannelHandlerContext;Ljava/lang/Object;)V+31
j  io.netty.channel.AbstractChannelHandlerContext.fireChannelRead(Ljava/lang/Object;)Lio/netty/channel/ChannelHandlerContext;+7
j  io.netty.handler.codec.MessageToMessageDecoder.channelRead(Lio/netty/channel/ChannelHandlerContext;Ljava/lang/Object;)V+75
j  io.netty.handler.codec.MessageToMessageCodec.channelRead(Lio/netty/channel/ChannelHandlerContext;Ljava/lang/Object;)V+6
j  io.netty.channel.AbstractChannelHandlerContext.invokeChannelRead(Ljava/lang/Object;)V+16
j  io.netty.channel.AbstractChannelHandlerContext.invokeChannelRead(Lio/netty/channel/AbstractChannelHandlerContext;Ljava/lang/Object;)V+31
j  io.netty.channel.AbstractChannelHandlerContext.fireChannelRead(Ljava/lang/Object;)Lio/netty/channel/ChannelHandlerContext;+7
j  io.netty.channel.ChannelInboundHandlerAdapter.channelRead(Lio/netty/channel/ChannelHandlerContext;Ljava/lang/Object;)V+2
j  io.netty.handler.codec.http.HttpServerKeepAliveHandler.channelRead(Lio/netty/channel/ChannelHandlerContext;Ljava/lang/Object;)V+40
j  io.netty.channel.AbstractChannelHandlerContext.invokeChannelRead(Ljava/lang/Object;)V+16
j  io.netty.channel.AbstractChannelHandlerContext.invokeChannelRead(Lio/netty/channel/AbstractChannelHandlerContext;Ljava/lang/Object;)V+31
j  io.netty.channel.AbstractChannelHandlerContext.fireChannelRead(Ljava/lang/Object;)Lio/netty/channel/ChannelHandlerContext;+7
j  io.netty.handler.flow.FlowControlHandler.dequeue(Lio/netty/channel/ChannelHandlerContext;I)I+49
j  io.netty.handler.flow.FlowControlHandler.channelRead(Lio/netty/channel/ChannelHandlerContext;Ljava/lang/Object;)V+44
j  io.netty.channel.AbstractChannelHandlerContext.invokeChannelRead(Ljava/lang/Object;)V+16
j  io.netty.channel.AbstractChannelHandlerContext.invokeChannelRead(Lio/netty/channel/AbstractChannelHandlerContext;Ljava/lang/Object;)V+31
j  io.netty.channel.AbstractChannelHandlerContext.fireChannelRead(Ljava/lang/Object;)Lio/netty/channel/ChannelHandlerContext;+7
j  io.netty.channel.CombinedChannelDuplexHandler$DelegatingChannelHandlerContext.fireChannelRead(Ljava/lang/Object;)Lio/netty/channel/ChannelHandlerContext;+5
j  io.netty.handler.codec.ByteToMessageDecoder.fireChannelRead(Lio/netty/channel/ChannelHandlerContext;Lio/netty/handler/codec/CodecOutputList;I)V+13
j  io.netty.handler.codec.ByteToMessageDecoder.channelRead(Lio/netty/channel/ChannelHandlerContext;Ljava/lang/Object;)V+165
j  io.netty.channel.CombinedChannelDuplexHandler.channelRead(Lio/netty/channel/ChannelHandlerContext;Ljava/lang/Object;)V+44
j  io.netty.channel.AbstractChannelHandlerContext.invokeChannelRead(Ljava/lang/Object;)V+16
j  io.netty.channel.AbstractChannelHandlerContext.invokeChannelRead(Lio/netty/channel/AbstractChannelHandlerContext;Ljava/lang/Object;)V+31
j  io.netty.channel.AbstractChannelHandlerContext.fireChannelRead(Ljava/lang/Object;)Lio/netty/channel/ChannelHandlerContext;+7
j  io.netty.handler.timeout.IdleStateHandler.channelRead(Lio/netty/channel/ChannelHandlerContext;Ljava/lang/Object;)V+35
j  io.netty.channel.AbstractChannelHandlerContext.invokeChannelRead(Ljava/lang/Object;)V+16
j  io.netty.channel.AbstractChannelHandlerContext.invokeChannelRead(Lio/netty/channel/AbstractChannelHandlerContext;Ljava/lang/Object;)V+31
j  io.netty.channel.AbstractChannelHandlerContext.fireChannelRead(Ljava/lang/Object;)Lio/netty/channel/ChannelHandlerContext;+7
j  io.netty.channel.DefaultChannelPipeline$HeadContext.channelRead(Lio/netty/channel/ChannelHandlerContext;Ljava/lang/Object;)V+2
j  io.netty.channel.AbstractChannelHandlerContext.invokeChannelRead(Ljava/lang/Object;)V+16
j  io.netty.channel.AbstractChannelHandlerContext.invokeChannelRead(Lio/netty/channel/AbstractChannelHandlerContext;Ljava/lang/Object;)V+31
j  io.netty.channel.DefaultChannelPipeline.fireChannelRead(Ljava/lang/Object;)Lio/netty/channel/ChannelPipeline;+5
j  io.netty.channel.nio.AbstractNioByteChannel$NioByteUnsafe.read()V+159
j  io.netty.channel.nio.NioEventLoop.processSelectedKey(Ljava/nio/channels/SelectionKey;Lio/netty/channel/nio/AbstractNioChannel;)V+113
j  io.netty.channel.nio.NioEventLoop.processSelectedKeysOptimized()V+51
j  io.netty.channel.nio.NioEventLoop.processSelectedKeys()V+8
j  io.netty.channel.nio.NioEventLoop.run()V+263
j  io.netty.util.concurrent.SingleThreadEventExecutor$4.run()V+44
j  io.netty.util.internal.ThreadExecutorMap$2.run()V+11
j  io.netty.util.concurrent.FastThreadLocalRunnable.run()V+4
j  java.lang.Thread.run()V+11
v  ~StubRoutines::call_stub
V  [libjvm.dylib+0x2efcba]
V  [libjvm.dylib+0x2f045e]
V  [libjvm.dylib+0x2f060a]
V  [libjvm.dylib+0x34aef9]
V  [libjvm.dylib+0x56fa7f]
V  [libjvm.dylib+0x57117a]
V  [libjvm.dylib+0x48e342]
C  [libsystem_pthread.dylib+0x6950]  _pthread_start+0xe0
C  [libsystem_pthread.dylib+0x247b]  thread_start+0xf
C  0x0000000000000000

Java frames: (J=compiled Java code, j=interpreted, Vv=VM code)
j  com.criteo.vips.VipsImage.getWidth()I+0
j  imageScalerMicronaut.ImageScalerController.vips_png()[B+29
j  imageScalerMicronaut.ImageScalerController.getPNG()Lio/micronaut/http/HttpResponse;+1
j  imageScalerMicronaut.$ImageScalerControllerDefinition$$exec2.invokeInternal(Ljava/lang/Object;[Ljava/lang/Object;)Ljava/lang/Object;+5
j  io.micronaut.context.AbstractExecutableMethod.invoke(Ljava/lang/Object;[Ljava/lang/Object;)Ljava/lang/Object;+8
j  io.micronaut.context.DefaultBeanContext$4.invoke([Ljava/lang/Object;)Ljava/lang/Object;+9
j  io.micronaut.web.router.AbstractRouteMatch.execute(Ljava/util/Map;)Ljava/lang/Object;+18
j  io.micronaut.web.router.RouteMatch.execute()Ljava/lang/Object;+4
j  io.micronaut.http.server.netty.RoutingInBoundHandler.lambda$buildResultEmitter$10(Lio/micronaut/web/router/RouteMatch;Ljava/util/concurrent/atomic/AtomicReference;Lio/micronaut/http/server/netty/NettyHttpRequest;Z)Lorg/reactivestreams/Publisher;+44
j  io.micronaut.http.server.netty.RoutingInBoundHandler$$Lambda$434.call()Ljava/lang/Object;+20
j  io.reactivex.internal.operators.flowable.FlowableDefer.subscribeActual(Lorg/reactivestreams/Subscriber;)V+4
j  io.reactivex.Flowable.subscribe(Lio/reactivex/FlowableSubscriber;)V+24
j  io.reactivex.Flowable.subscribe(Lorg/reactivestreams/Subscriber;)V+12
j  io.micronaut.http.server.context.ServerRequestContextFilter.lambda$doFilter$0(Lio/micronaut/scheduling/instrument/InvocationInstrumenter;Lorg/reactivestreams/Publisher;Lorg/reactivestreams/Subscriber;)V+12
j  io.micronaut.http.server.context.ServerRequestContextFilter$$Lambda$476.subscribe(Lorg/reactivestreams/Subscriber;)V+9
j  io.reactivex.internal.operators.flowable.FlowableFromPublisher.subscribeActual(Lorg/reactivestreams/Subscriber;)V+5
j  io.reactivex.Flowable.subscribe(Lio/reactivex/FlowableSubscriber;)V+24
j  io.reactivex.Flowable.subscribe(Lorg/reactivestreams/Subscriber;)V+35
j  io.micronaut.http.server.netty.RoutingInBoundHandler.lambda$buildExecutableRoute$6(Lio/micronaut/http/server/netty/NettyHttpRequest;Ljava/util/concurrent/ExecutorService;ZZLio/netty/channel/ChannelHandlerContext;Lio/micronaut/web/router/RouteMatch;)Ljava/lang/Object;+59
j  io.micronaut.http.server.netty.RoutingInBoundHandler$$Lambda$432.apply(Ljava/lang/Object;)Ljava/lang/Object;+28
j  io.micronaut.web.router.DefaultUriRouteMatch$1.execute(Ljava/util/Map;)Ljava/lang/Object;+8
j  io.micronaut.web.router.RouteMatch.execute()Ljava/lang/Object;+4
j  io.micronaut.http.server.netty.RoutingInBoundHandler.handleRouteMatch(Lio/micronaut/web/router/RouteMatch;Lio/micronaut/http/server/netty/NettyHttpRequest;Lio/netty/channel/ChannelHandlerContext;Z)V+151
j  io.micronaut.http.server.netty.RoutingInBoundHandler.channelRead0(Lio/netty/channel/ChannelHandlerContext;Lio/micronaut/http/HttpRequest;)V+1040
j  io.micronaut.http.server.netty.RoutingInBoundHandler.channelRead0(Lio/netty/channel/ChannelHandlerContext;Ljava/lang/Object;)V+6
j  io.netty.channel.SimpleChannelInboundHandler.channelRead(Lio/netty/channel/ChannelHandlerContext;Ljava/lang/Object;)V+17
j  io.netty.channel.AbstractChannelHandlerContext.invokeChannelRead(Ljava/lang/Object;)V+16
j  io.netty.channel.AbstractChannelHandlerContext.invokeChannelRead(Lio/netty/channel/AbstractChannelHandlerContext;Ljava/lang/Object;)V+31
j  io.netty.channel.AbstractChannelHandlerContext.fireChannelRead(Ljava/lang/Object;)Lio/netty/channel/ChannelHandlerContext;+7
j  io.netty.channel.SimpleChannelInboundHandler.channelRead(Lio/netty/channel/ChannelHandlerContext;Ljava/lang/Object;)V+27
j  io.netty.channel.AbstractChannelHandlerContext.invokeChannelRead(Ljava/lang/Object;)V+16
j  io.netty.channel.AbstractChannelHandlerContext.invokeChannelRead(Lio/netty/channel/AbstractChannelHandlerContext;Ljava/lang/Object;)V+31
j  io.netty.channel.AbstractChannelHandlerContext.fireChannelRead(Ljava/lang/Object;)Lio/netty/channel/ChannelHandlerContext;+7
j  io.netty.handler.codec.MessageToMessageDecoder.channelRead(Lio/netty/channel/ChannelHandlerContext;Ljava/lang/Object;)V+75
j  io.netty.channel.AbstractChannelHandlerContext.invokeChannelRead(Ljava/lang/Object;)V+16
j  io.netty.channel.AbstractChannelHandlerContext.invokeChannelRead(Lio/netty/channel/AbstractChannelHandlerContext;Ljava/lang/Object;)V+31
j  io.netty.channel.AbstractChannelHandlerContext.fireChannelRead(Ljava/lang/Object;)Lio/netty/channel/ChannelHandlerContext;+7
j  io.micronaut.http.netty.stream.HttpStreamsHandler.channelRead(Lio/netty/channel/ChannelHandlerContext;Ljava/lang/Object;)V+62
j  io.micronaut.http.netty.stream.HttpStreamsServerHandler.channelRead(Lio/netty/channel/ChannelHandlerContext;Ljava/lang/Object;)V+42
j  io.netty.channel.AbstractChannelHandlerContext.invokeChannelRead(Ljava/lang/Object;)V+16
j  io.netty.channel.AbstractChannelHandlerContext.invokeChannelRead(Lio/netty/channel/AbstractChannelHandlerContext;Ljava/lang/Object;)V+31
j  io.netty.channel.AbstractChannelHandlerContext.fireChannelRead(Ljava/lang/Object;)Lio/netty/channel/ChannelHandlerContext;+7
j  io.netty.handler.codec.MessageToMessageDecoder.channelRead(Lio/netty/channel/ChannelHandlerContext;Ljava/lang/Object;)V+75
j  io.netty.channel.AbstractChannelHandlerContext.invokeChannelRead(Ljava/lang/Object;)V+16
j  io.netty.channel.AbstractChannelHandlerContext.invokeChannelRead(Lio/netty/channel/AbstractChannelHandlerContext;Ljava/lang/Object;)V+31
j  io.netty.channel.AbstractChannelHandlerContext.fireChannelRead(Ljava/lang/Object;)Lio/netty/channel/ChannelHandlerContext;+7
j  io.netty.handler.codec.MessageToMessageDecoder.channelRead(Lio/netty/channel/ChannelHandlerContext;Ljava/lang/Object;)V+75
j  io.netty.handler.codec.MessageToMessageCodec.channelRead(Lio/netty/channel/ChannelHandlerContext;Ljava/lang/Object;)V+6
j  io.netty.channel.AbstractChannelHandlerContext.invokeChannelRead(Ljava/lang/Object;)V+16
j  io.netty.channel.AbstractChannelHandlerContext.invokeChannelRead(Lio/netty/channel/AbstractChannelHandlerContext;Ljava/lang/Object;)V+31
j  io.netty.channel.AbstractChannelHandlerContext.fireChannelRead(Ljava/lang/Object;)Lio/netty/channel/ChannelHandlerContext;+7
j  io.netty.channel.ChannelInboundHandlerAdapter.channelRead(Lio/netty/channel/ChannelHandlerContext;Ljava/lang/Object;)V+2
j  io.netty.handler.codec.http.HttpServerKeepAliveHandler.channelRead(Lio/netty/channel/ChannelHandlerContext;Ljava/lang/Object;)V+40
j  io.netty.channel.AbstractChannelHandlerContext.invokeChannelRead(Ljava/lang/Object;)V+16
j  io.netty.channel.AbstractChannelHandlerContext.invokeChannelRead(Lio/netty/channel/AbstractChannelHandlerContext;Ljava/lang/Object;)V+31
j  io.netty.channel.AbstractChannelHandlerContext.fireChannelRead(Ljava/lang/Object;)Lio/netty/channel/ChannelHandlerContext;+7
j  io.netty.handler.flow.FlowControlHandler.dequeue(Lio/netty/channel/ChannelHandlerContext;I)I+49
j  io.netty.handler.flow.FlowControlHandler.channelRead(Lio/netty/channel/ChannelHandlerContext;Ljava/lang/Object;)V+44
j  io.netty.channel.AbstractChannelHandlerContext.invokeChannelRead(Ljava/lang/Object;)V+16
j  io.netty.channel.AbstractChannelHandlerContext.invokeChannelRead(Lio/netty/channel/AbstractChannelHandlerContext;Ljava/lang/Object;)V+31
j  io.netty.channel.AbstractChannelHandlerContext.fireChannelRead(Ljava/lang/Object;)Lio/netty/channel/ChannelHandlerContext;+7
j  io.netty.channel.CombinedChannelDuplexHandler$DelegatingChannelHandlerContext.fireChannelRead(Ljava/lang/Object;)Lio/netty/channel/ChannelHandlerContext;+5
j  io.netty.handler.codec.ByteToMessageDecoder.fireChannelRead(Lio/netty/channel/ChannelHandlerContext;Lio/netty/handler/codec/CodecOutputList;I)V+13
j  io.netty.handler.codec.ByteToMessageDecoder.channelRead(Lio/netty/channel/ChannelHandlerContext;Ljava/lang/Object;)V+165
j  io.netty.channel.CombinedChannelDuplexHandler.channelRead(Lio/netty/channel/ChannelHandlerContext;Ljava/lang/Object;)V+44
j  io.netty.channel.AbstractChannelHandlerContext.invokeChannelRead(Ljava/lang/Object;)V+16
j  io.netty.channel.AbstractChannelHandlerContext.invokeChannelRead(Lio/netty/channel/AbstractChannelHandlerContext;Ljava/lang/Object;)V+31
j  io.netty.channel.AbstractChannelHandlerContext.fireChannelRead(Ljava/lang/Object;)Lio/netty/channel/ChannelHandlerContext;+7
j  io.netty.handler.timeout.IdleStateHandler.channelRead(Lio/netty/channel/ChannelHandlerContext;Ljava/lang/Object;)V+35
j  io.netty.channel.AbstractChannelHandlerContext.invokeChannelRead(Ljava/lang/Object;)V+16
j  io.netty.channel.AbstractChannelHandlerContext.invokeChannelRead(Lio/netty/channel/AbstractChannelHandlerContext;Ljava/lang/Object;)V+31
j  io.netty.channel.AbstractChannelHandlerContext.fireChannelRead(Ljava/lang/Object;)Lio/netty/channel/ChannelHandlerContext;+7
j  io.netty.channel.DefaultChannelPipeline$HeadContext.channelRead(Lio/netty/channel/ChannelHandlerContext;Ljava/lang/Object;)V+2
j  io.netty.channel.AbstractChannelHandlerContext.invokeChannelRead(Ljava/lang/Object;)V+16
j  io.netty.channel.AbstractChannelHandlerContext.invokeChannelRead(Lio/netty/channel/AbstractChannelHandlerContext;Ljava/lang/Object;)V+31
j  io.netty.channel.DefaultChannelPipeline.fireChannelRead(Ljava/lang/Object;)Lio/netty/channel/ChannelPipeline;+5
j  io.netty.channel.nio.AbstractNioByteChannel$NioByteUnsafe.read()V+159
j  io.netty.channel.nio.NioEventLoop.processSelectedKey(Ljava/nio/channels/SelectionKey;Lio/netty/channel/nio/AbstractNioChannel;)V+113
j  io.netty.channel.nio.NioEventLoop.processSelectedKeysOptimized()V+51
j  io.netty.channel.nio.NioEventLoop.processSelectedKeys()V+8
j  io.netty.channel.nio.NioEventLoop.run()V+263
j  io.netty.util.concurrent.SingleThreadEventExecutor$4.run()V+44
j  io.netty.util.internal.ThreadExecutorMap$2.run()V+11
j  io.netty.util.concurrent.FastThreadLocalRunnable.run()V+4
j  java.lang.Thread.run()V+11
v  ~StubRoutines::call_stub

---------------  P R O C E S S  ---------------

Java Threads: ( => current thread )
=>0x00007fd4e68ae800 JavaThread "default-nioEventLoopGroup-1-7" [_thread_in_native, id=27139, stack(0x000070000fe69000,0x000070000ff69000)]
  0x00007fd4f08ca000 JavaThread "default-nioEventLoopGroup-1-6" [_thread_in_native, id=39171, stack(0x000070000fd66000,0x000070000fe66000)]
  0x00007fd4e684c800 JavaThread "default-nioEventLoopGroup-1-5" [_thread_in_native, id=25351, stack(0x000070000fc63000,0x000070000fd63000)]
  0x00007fd4e7199000 JavaThread "default-nioEventLoopGroup-1-4" [_thread_in_native, id=13067, stack(0x000070000f95a000,0x000070000fa5a000)]
  0x00007fd52099f800 JavaThread "default-nioEventLoopGroup-1-3" [_thread_in_native, id=39687, stack(0x000070000f857000,0x000070000f957000)]
  0x00007fd52099f000 JavaThread "default-nioEventLoopGroup-1-2" [_thread_in_native, id=23815, stack(0x000070000f348000,0x000070000f448000)]
  0x00007fd517a3b800 JavaThread "DestroyJavaVM" [_thread_blocked, id=3587, stack(0x000070000d7f4000,0x000070000d8f4000)]
  0x00007fd521317800 JavaThread "default-nioEventLoopGroup-1-1" [_thread_in_native, id=26115, stack(0x000070000fb60000,0x000070000fc60000)]
  0x00007fd520993000 JavaThread "Attach Listener" daemon [_thread_blocked, id=25603, stack(0x000070000fa5d000,0x000070000fb5d000)]
  0x00007fd52090a000 JavaThread "ForkJoinPool.commonPool-worker-1" daemon [_thread_blocked, id=24835, stack(0x000070000f754000,0x000070000f854000)]
  0x00007fd520909800 JavaThread "ForkJoinPool.commonPool-worker-8" daemon [_thread_blocked, id=40195, stack(0x000070000f651000,0x000070000f751000)]
  0x00007fd5168ec000 JavaThread "ForkJoinPool.commonPool-worker-15" daemon [_thread_blocked, id=40451, stack(0x000070000f54e000,0x000070000f64e000)]
  0x00007fd520908800 JavaThread "ForkJoinPool.commonPool-worker-6" daemon [_thread_blocked, id=24067, stack(0x000070000f44b000,0x000070000f54b000)]
  0x00007fd5168eb000 JavaThread "ForkJoinPool.commonPool-worker-13" daemon [_thread_blocked, id=23555, stack(0x000070000f245000,0x000070000f345000)]
  0x00007fd5178c7000 JavaThread "ForkJoinPool.commonPool-worker-11" daemon [_thread_blocked, id=23299, stack(0x000070000f142000,0x000070000f242000)]
  0x00007fd520907800 JavaThread "ForkJoinPool.commonPool-worker-2" daemon [_thread_blocked, id=41987, stack(0x000070000f03f000,0x000070000f13f000)]
  0x00007fd5168d7800 JavaThread "ForkJoinPool.commonPool-worker-9" daemon [_thread_blocked, id=23043, stack(0x000070000ef3c000,0x000070000f03c000)]
  0x00007fd521183000 JavaThread "Service Thread" daemon [_thread_blocked, id=42499, stack(0x000070000ed36000,0x000070000ee36000)]
  0x00007fd520857000 JavaThread "C1 CompilerThread3" daemon [_thread_blocked, id=43011, stack(0x000070000ec33000,0x000070000ed33000)]
  0x00007fd5178aa800 JavaThread "C2 CompilerThread2" daemon [_thread_blocked, id=43267, stack(0x000070000eb30000,0x000070000ec30000)]
  0x00007fd51781c000 JavaThread "C2 CompilerThread1" daemon [_thread_blocked, id=15875, stack(0x000070000ea2d000,0x000070000eb2d000)]
  0x00007fd4e70c3000 JavaThread "C2 CompilerThread0" daemon [_thread_blocked, id=15619, stack(0x000070000e92a000,0x000070000ea2a000)]
  0x00007fd51683f000 JavaThread "Monitor Ctrl-Break" daemon [_thread_in_native, id=16643, stack(0x000070000e827000,0x000070000e927000)]
  0x00007fd521058800 JavaThread "Signal Dispatcher" daemon [_thread_blocked, id=16899, stack(0x000070000e724000,0x000070000e824000)]
  0x00007fd517015800 JavaThread "Finalizer" daemon [_thread_blocked, id=12803, stack(0x000070000e51b000,0x000070000e61b000)]
  0x00007fd517014800 JavaThread "Reference Handler" daemon [_thread_blocked, id=19203, stack(0x000070000e418000,0x000070000e518000)]

Other Threads:
  0x00007fd521049000 VMThread [stack: 0x000070000e315000,0x000070000e415000] [id=12035]
  0x00007fd506808800 WatcherThread [stack: 0x000070000ee39000,0x000070000ef39000] [id=22531]

VM state:not at safepoint (normal execution)

VM Mutex/Monitor currently owned by a thread: None

Heap:
 PSYoungGen      total 153088K, used 62757K [0x0000000715580000, 0x0000000728080000, 0x00000007c0000000)
  eden space 131584K, 47% used [0x0000000715580000,0x00000007192c95e8,0x000000071d600000)
  from space 21504K, 0% used [0x000000071d600000,0x000000071d600000,0x000000071eb00000)
  to   space 21504K, 0% used [0x0000000726b80000,0x0000000726b80000,0x0000000728080000)
 ParOldGen       total 231424K, used 13459K [0x00000005c0000000, 0x00000005ce200000, 0x0000000715580000)
  object space 231424K, 5% used [0x00000005c0000000,0x00000005c0d24e40,0x00000005ce200000)
 Metaspace       used 26796K, capacity 28428K, committed 28672K, reserved 1073152K
  class space    used 4419K, capacity 4770K, committed 4864K, reserved 1048576K

Card table byte_map: [0x0000000109b74000,0x000000010ab75000] byte_map_base: 0x0000000106d74000

Marking Bits: (ParMarkBitMap*) 0x00000001090f9cd0
 Begin Bits: [0x000000011e38e000, 0x000000012638e000)
 End Bits:   [0x000000012638e000, 0x000000012e38e000)

Polling page: 0x000000010257e000

CodeCache: size=245760Kb used=5510Kb max_used=5510Kb free=240249Kb
 bounds [0x000000010f38e000, 0x000000010f8fe000, 0x000000011e38e000]
 total_blobs=2131 nmethods=1687 adapters=356
 compilation: enabled

Compilation events (10 events):
Event: 14.356 Thread 0x00007fd520857000 nmethod 1664 0x000000010f8e6650 code [0x000000010f8e67c0, 0x000000010f8e6a10]
Event: 14.356 Thread 0x00007fd520857000 1670       1       io.netty.handler.codec.http.HttpObjectDecoder::access$000 (5 bytes)
Event: 14.356 Thread 0x00007fd520857000 nmethod 1670 0x000000010f8e6b10 code [0x000000010f8e6c60, 0x000000010f8e6d50]
Event: 14.356 Thread 0x00007fd520857000 1666       3       jdk.internal.org.objectweb.asm.MethodVisitor::visitCode (15 bytes)
Event: 14.356 Thread 0x00007fd520857000 nmethod 1666 0x000000010f8e6dd0 code [0x000000010f8e6f40, 0x000000010f8e71a8]
Event: 14.356 Thread 0x00007fd520857000 1667       3       java.lang.invoke.InnerClassLambdaMetafactory$ForwardingMethodGenerator::invocationOpcode (93 bytes)
Event: 14.357 Thread 0x00007fd520857000 nmethod 1667 0x000000010f8e7250 code [0x000000010f8e7440, 0x000000010f8e7cd8]
Event: 14.357 Thread 0x00007fd520857000 1672       1       io.netty.util.internal.AppendableCharSequence::charAtUnsafe (7 bytes)
Event: 14.357 Thread 0x00007fd520857000 nmethod 1672 0x000000010f8e8090 code [0x000000010f8e81e0, 0x000000010f8e8310]
Event: 14.357 Thread 0x00007fd520857000 1671       3       io.netty.util.AsciiString::equalsIgnoreCase (22 bytes)

GC Heap History (4 events):
Event: 0.985 GC heap before
{Heap before GC invocations=1 (full 0):
 PSYoungGen      total 153088K, used 131584K [0x0000000715580000, 0x0000000720000000, 0x00000007c0000000)
  eden space 131584K, 100% used [0x0000000715580000,0x000000071d600000,0x000000071d600000)
  from space 21504K, 0% used [0x000000071eb00000,0x000000071eb00000,0x0000000720000000)
  to   space 21504K, 0% used [0x000000071d600000,0x000000071d600000,0x000000071eb00000)
 ParOldGen       total 349696K, used 0K [0x00000005c0000000, 0x00000005d5580000, 0x0000000715580000)
  object space 349696K, 0% used [0x00000005c0000000,0x00000005c0000000,0x00000005d5580000)
 Metaspace       used 20328K, capacity 21208K, committed 21296K, reserved 1067008K
  class space    used 3437K, capacity 3636K, committed 3712K, reserved 1048576K
Event: 0.998 GC heap after
Heap after GC invocations=1 (full 0):
 PSYoungGen      total 153088K, used 14214K [0x0000000715580000, 0x0000000728080000, 0x00000007c0000000)
  eden space 131584K, 0% used [0x0000000715580000,0x0000000715580000,0x000000071d600000)
  from space 21504K, 66% used [0x000000071d600000,0x000000071e3e1b38,0x000000071eb00000)
  to   space 21504K, 0% used [0x0000000726b80000,0x0000000726b80000,0x0000000728080000)
 ParOldGen       total 349696K, used 16K [0x00000005c0000000, 0x00000005d5580000, 0x0000000715580000)
  object space 349696K, 0% used [0x00000005c0000000,0x00000005c0004000,0x00000005d5580000)
 Metaspace       used 20328K, capacity 21208K, committed 21296K, reserved 1067008K
  class space    used 3437K, capacity 3636K, committed 3712K, reserved 1048576K
}
Event: 0.998 GC heap before
{Heap before GC invocations=2 (full 1):
 PSYoungGen      total 153088K, used 14214K [0x0000000715580000, 0x0000000728080000, 0x00000007c0000000)
  eden space 131584K, 0% used [0x0000000715580000,0x0000000715580000,0x000000071d600000)
  from space 21504K, 66% used [0x000000071d600000,0x000000071e3e1b38,0x000000071eb00000)
  to   space 21504K, 0% used [0x0000000726b80000,0x0000000726b80000,0x0000000728080000)
 ParOldGen       total 349696K, used 16K [0x00000005c0000000, 0x00000005d5580000, 0x0000000715580000)
  object space 349696K, 0% used [0x00000005c0000000,0x00000005c0004000,0x00000005d5580000)
 Metaspace       used 20328K, capacity 21208K, committed 21296K, reserved 1067008K
  class space    used 3437K, capacity 3636K, committed 3712K, reserved 1048576K
Event: 1.020 GC heap after
Heap after GC invocations=2 (full 1):
 PSYoungGen      total 153088K, used 0K [0x0000000715580000, 0x0000000728080000, 0x00000007c0000000)
  eden space 131584K, 0% used [0x0000000715580000,0x0000000715580000,0x000000071d600000)
  from space 21504K, 0% used [0x000000071d600000,0x000000071d600000,0x000000071eb00000)
  to   space 21504K, 0% used [0x0000000726b80000,0x0000000726b80000,0x0000000728080000)
 ParOldGen       total 231424K, used 13459K [0x00000005c0000000, 0x00000005ce200000, 0x0000000715580000)
  object space 231424K, 5% used [0x00000005c0000000,0x00000005c0d24e40,0x00000005ce200000)
 Metaspace       used 20307K, capacity 21148K, committed 21296K, reserved 1067008K
  class space    used 3430K, capacity 3624K, committed 3712K, reserved 1048576K
}

Deoptimization events (10 events):
Event: 0.912 Thread 0x00007fd517012800 Uncommon trap: reason=unstable_if action=reinterpret pc=0x000000010f72d60c method=java.util.HashMap.putVal(ILjava/lang/Object;Ljava/lang/Object;ZZ)Ljava/lang/Object; @ 193
Event: 0.912 Thread 0x00007fd517012800 Uncommon trap: reason=unstable_if action=reinterpret pc=0x000000010f72be3c method=java.util.HashMap.getNode(ILjava/lang/Object;)Ljava/util/HashMap$Node; @ 129
Event: 0.936 Thread 0x00007fd517012800 Uncommon trap: reason=unstable_if action=reinterpret pc=0x000000010f7014cc method=java.util.HashMap.putVal(ILjava/lang/Object;Ljava/lang/Object;ZZ)Ljava/lang/Object; @ 193
Event: 1.024 Thread 0x00007fd517015800 Uncommon trap: reason=unstable_if action=reinterpret pc=0x000000010f756fbc method=java.lang.ref.ReferenceQueue.poll()Ljava/lang/ref/Reference; @ 4
Event: 1.152 Thread 0x00007fd517012800 Uncommon trap: reason=unstable_if action=reinterpret pc=0x000000010f74cc00 method=sun.misc.URLClassPath$JarLoader.getResource(Ljava/lang/String;ZLjava/util/Set;)Lsun/misc/Resource; @ 17
Event: 1.167 Thread 0x00007fd517012800 Uncommon trap: reason=range_check action=make_not_entrant pc=0x000000010f72aec8 method=sun.reflect.generics.parser.SignatureParser.current()C @ 34
Event: 13.852 Thread 0x00007fd4f08ca000 Uncommon trap: reason=unstable_if action=reinterpret pc=0x000000010f7b3860 method=java.lang.CharacterDataLatin1.isWhitespace(I)Z @ 14
Event: 13.852 Thread 0x00007fd4e7199000 Uncommon trap: reason=unstable_if action=reinterpret pc=0x000000010f7b3860 method=java.lang.CharacterDataLatin1.isWhitespace(I)Z @ 14
Event: 13.852 Thread 0x00007fd52099f000 Uncommon trap: reason=unstable_if action=reinterpret pc=0x000000010f7b3860 method=java.lang.CharacterDataLatin1.isWhitespace(I)Z @ 14
Event: 13.865 Thread 0x00007fd4f08ca000 Uncommon trap: reason=unstable_if action=reinterpret pc=0x000000010f7e3c3c method=jdk.internal.org.objectweb.asm.Item.isEqualTo(Ljdk/internal/org/objectweb/asm/Item;)Z @ 331

Classes redefined (0 events):
No events

Internal exceptions (10 events):
Event: 1.167 Thread 0x00007fd517012800 Exception <a 'java/lang/ArrayIndexOutOfBoundsException': 69> (0x0000000716530628) thrown at [/Users/java_re/workspace/8-2-build-macosx-x86_64/jdk8u181/11358/hotspot/src/share/vm/interpreter/interpreterRuntime.cpp, line 366]
Event: 1.168 Thread 0x00007fd517012800 Exception <a 'java/lang/ArrayIndexOutOfBoundsException': 82> (0x0000000716531f58) thrown at [/Users/java_re/workspace/8-2-build-macosx-x86_64/jdk8u181/11358/hotspot/src/share/vm/interpreter/interpreterRuntime.cpp, line 366]
Event: 1.168 Thread 0x00007fd517012800 Exception <a 'java/lang/ArrayIndexOutOfBoundsException': 76> (0x0000000716534fd8) thrown at [/Users/java_re/workspace/8-2-build-macosx-x86_64/jdk8u181/11358/hotspot/src/share/vm/interpreter/interpreterRuntime.cpp, line 366]
Event: 1.221 Thread 0x00007fd517012800 Exception <a 'java/lang/ArrayIndexOutOfBoundsException'> (0x0000000716b00c40) thrown at [/Users/java_re/workspace/8-2-build-macosx-x86_64/jdk8u181/11358/hotspot/src/share/vm/runtime/sharedRuntime.cpp, line 605]
Event: 1.221 Thread 0x00007fd517012800 Exception <a 'java/lang/ArrayIndexOutOfBoundsException'> (0x0000000716b02108) thrown at [/Users/java_re/workspace/8-2-build-macosx-x86_64/jdk8u181/11358/hotspot/src/share/vm/runtime/sharedRuntime.cpp, line 605]
Event: 1.225 Thread 0x00007fd517012800 Exception <a 'java/lang/ArrayIndexOutOfBoundsException'> (0x0000000716b6fe80) thrown at [/Users/java_re/workspace/8-2-build-macosx-x86_64/jdk8u181/11358/hotspot/src/share/vm/runtime/sharedRuntime.cpp, line 605]
Event: 1.225 Thread 0x00007fd517012800 Exception <a 'java/lang/ArrayIndexOutOfBoundsException'> (0x0000000716b70e30) thrown at [/Users/java_re/workspace/8-2-build-macosx-x86_64/jdk8u181/11358/hotspot/src/share/vm/runtime/sharedRuntime.cpp, line 605]
Event: 1.225 Thread 0x00007fd517012800 Exception <a 'java/lang/ArrayIndexOutOfBoundsException'> (0x0000000716b72620) thrown at [/Users/java_re/workspace/8-2-build-macosx-x86_64/jdk8u181/11358/hotspot/src/share/vm/runtime/sharedRuntime.cpp, line 605]
Event: 1.312 Thread 0x00007fd517012800 Exception <a 'java/lang/NoSuchMethodError': org.slf4j.impl.StaticMDCBinder.getSingleton()Lorg/slf4j/impl/StaticMDCBinder;> (0x0000000716f1d780) thrown at [/Users/java_re/workspace/8-2-build-macosx-x86_64/jdk8u181/11358/hotspot/src/share/vm/interpreter/lin
Event: 13.889 Thread 0x00007fd4e68ae800 Exception <a 'java/lang/NoSuchMethodError': java.lang.Object.noop()Lio/micronaut/scheduling/instrument/Instrumentation;> (0x0000000718372f70) thrown at [/Users/java_re/workspace/8-2-build-macosx-x86_64/jdk8u181/11358/hotspot/src/share/vm/interpreter/linkR

Events (10 events):
Event: 14.349 Executing VM operation: Deoptimize
Event: 14.350 Executing VM operation: Deoptimize done
Event: 14.350 loading class io/micronaut/http/context/event/HttpRequestReceivedEvent
Event: 14.350 loading class io/micronaut/http/context/event/HttpRequestReceivedEvent done
Event: 14.353 loading class io/micronaut/core/convert/value/MutableConvertibleValues
Event: 14.353 loading class io/micronaut/core/convert/value/MutableConvertibleValues done
Event: 14.353 loading class io/micronaut/core/convert/value/MutableConvertibleValues
Event: 14.353 loading class io/micronaut/core/convert/value/MutableConvertibleValues done
Event: 14.353 Executing VM operation: RevokeBias
Event: 14.353 Executing VM operation: RevokeBias done


Dynamic libraries:
0x00007fff34fb0000 	/System/Library/Frameworks/Cocoa.framework/Versions/A/Cocoa
0x00007fff221ed000 	/System/Library/Frameworks/Security.framework/Versions/A/Security
0x00007fff331af000 	/System/Library/Frameworks/ApplicationServices.framework/Versions/A/ApplicationServices
0x00007fff2a472000 	/usr/lib/libz.1.dylib
0x00007fff2a53a000 	/usr/lib/libSystem.B.dylib
0x00007fff201d5000 	/usr/lib/libobjc.A.dylib
0x00007fff203b5000 	/System/Library/Frameworks/CoreFoundation.framework/Versions/A/CoreFoundation
0x00007fff21162000 	/System/Library/Frameworks/Foundation.framework/Versions/C/Foundation
0x00007fff22c13000 	/System/Library/Frameworks/AppKit.framework/Versions/C/AppKit
0x00007fff25aa9000 	/System/Library/Frameworks/CoreData.framework/Versions/A/CoreData
0x00007fff23976000 	/System/Library/PrivateFrameworks/UIFoundation.framework/Versions/A/UIFoundation
0x00007fff2fb93000 	/System/Library/PrivateFrameworks/RemoteViewServices.framework/Versions/A/RemoteViewServices
0x00007fff2899c000 	/System/Library/PrivateFrameworks/XCTTargetBootstrap.framework/Versions/A/XCTTargetBootstrap
0x00007fff2b679000 	/usr/lib/libspindump.dylib
0x00007fff23bca000 	/System/Library/Frameworks/UniformTypeIdentifiers.framework/Versions/A/UniformTypeIdentifiers
0x00007fff27173000 	/usr/lib/libapp_launch_measurement.dylib
0x00007fff27176000 	/System/Library/PrivateFrameworks/CoreAutoLayout.framework/Versions/A/CoreAutoLayout
0x00007fff282fe000 	/System/Library/Frameworks/Metal.framework/Versions/A/Metal
0x00007fff28fed000 	/usr/lib/liblangid.dylib
0x00007fff289a0000 	/System/Library/PrivateFrameworks/CoreSVG.framework/Versions/A/CoreSVG
0x00007fff24bb1000 	/System/Library/PrivateFrameworks/SkyLight.framework/Versions/A/SkyLight
0x00007fff24f17000 	/System/Library/Frameworks/CoreGraphics.framework/Versions/A/CoreGraphics
0x00007fff301ea000 	/System/Library/Frameworks/Accelerate.framework/Versions/A/Accelerate
0x00007fff2b0b4000 	/System/Library/PrivateFrameworks/IconServices.framework/Versions/A/IconServices
0x00007fff282e3000 	/System/Library/Frameworks/IOSurface.framework/Versions/A/IOSurface
0x00007fff26432000 	/usr/lib/libDiagnosticMessagesClient.dylib
0x00007fff28988000 	/System/Library/PrivateFrameworks/DFRFoundation.framework/Versions/A/DFRFoundation
0x00007fff2253f000 	/usr/lib/libicucore.A.dylib
0x00007fff2cbbb000 	/System/Library/Frameworks/AudioToolbox.framework/Versions/A/AudioToolbox
0x00007fff2be61000 	/System/Library/PrivateFrameworks/DataDetectorsCore.framework/Versions/A/DataDetectorsCore
0x00007fff28688000 	/System/Library/Frameworks/Carbon.framework/Versions/A/Frameworks/HIToolbox.framework/Versions/A/HIToolbox
0x00007fff26bcb000 	/System/Library/Frameworks/QuartzCore.framework/Versions/A/QuartzCore
0x00007fff2fbcf000 	/System/Library/Frameworks/Carbon.framework/Versions/A/Frameworks/SpeechRecognition.framework/Versions/A/SpeechRecognition
0x00007fff26edb000 	/System/Library/PrivateFrameworks/CoreUI.framework/Versions/A/CoreUI
0x00007fff21b49000 	/System/Library/Frameworks/CoreAudio.framework/Versions/A/CoreAudio
0x00007fff2651d000 	/System/Library/Frameworks/DiskArbitration.framework/Versions/A/DiskArbitration
0x00007fff2ba74000 	/System/Library/PrivateFrameworks/MultitouchSupport.framework/Versions/A/MultitouchSupport
0x00007fff2be58000 	/System/Library/PrivateFrameworks/InternationalSupport.framework/Versions/A/InternationalSupport
0x00007fff24b25000 	/usr/lib/libenergytrace.dylib
0x00007fff22b0d000 	/System/Library/Frameworks/IOKit.framework/Versions/A/IOKit
0x00007fff2ff1c000 	/System/Library/Frameworks/CoreServices.framework/Versions/A/CoreServices
0x00007fff27109000 	/System/Library/PrivateFrameworks/PerformanceAnalysis.framework/Versions/A/PerformanceAnalysis
0x00007fff6c819000 	/System/Library/Frameworks/OpenGL.framework/Versions/A/OpenGL
0x00007fff2bedd000 	/System/Library/PrivateFrameworks/UserActivity.framework/Versions/A/UserActivity
0x00007fff255ab000 	/System/Library/Frameworks/ColorSync.framework/Versions/A/ColorSync
0x00007fff28c04000 	/System/Library/Frameworks/CoreImage.framework/Versions/A/CoreImage
0x00007fff21960000 	/System/Library/Frameworks/CoreText.framework/Versions/A/CoreText
0x00007fff289ca000 	/System/Library/Frameworks/ImageIO.framework/Versions/A/ImageIO
0x00007fff2a540000 	/System/Library/PrivateFrameworks/SoftLinking.framework/Versions/A/SoftLinking
0x00007fff271bf000 	/usr/lib/libxml2.2.dylib
0x00007fff2029a000 	/usr/lib/libc++.1.dylib
0x00007fff2a7b2000 	/usr/lib/libcompression.dylib
0x00007fff24b26000 	/usr/lib/libMobileGestalt.dylib
0x00007fff2bd8b000 	/System/Library/PrivateFrameworks/TextureIO.framework/Versions/A/TextureIO
0x00007fff2add7000 	/usr/lib/libate.dylib
0x00007fff2a534000 	/usr/lib/system/libcache.dylib
0x00007fff2a4f0000 	/usr/lib/system/libcommonCrypto.dylib
0x00007fff2a51a000 	/usr/lib/system/libcompiler_rt.dylib
0x00007fff2a50f000 	/usr/lib/system/libcopyfile.dylib
0x00007fff200c4000 	/usr/lib/system/libcorecrypto.dylib
0x00007fff20190000 	/usr/lib/system/libdispatch.dylib
0x00007fff20344000 	/usr/lib/system/libdyld.dylib
0x00007fff2a52b000 	/usr/lib/system/libkeymgr.dylib
0x00007fff2d96d000 	/usr/lib/system/liblaunch.dylib
0x00007fff2a4ce000 	/usr/lib/system/libmacho.dylib
0x00007fff29ce9000 	/usr/lib/system/libquarantine.dylib
0x00007fff2a528000 	/usr/lib/system/libremovefile.dylib
0x00007fff24b82000 	/usr/lib/system/libsystem_asl.dylib
0x00007fff20074000 	/usr/lib/system/libsystem_blocks.dylib
0x00007fff20211000 	/usr/lib/system/libsystem_c.dylib
0x00007fff2a522000 	/usr/lib/system/libsystem_collections.dylib
0x00007fff28fde000 	/usr/lib/system/libsystem_configuration.dylib
0x00007fff282d2000 	/usr/lib/system/libsystem_containermanager.dylib
0x00007fff2a26a000 	/usr/lib/system/libsystem_coreservices.dylib
0x00007fff227a1000 	/usr/lib/system/libsystem_darwin.dylib
0x00007fff2a52c000 	/usr/lib/system/libsystem_dnssd.dylib
0x00007fff2020e000 	/usr/lib/system/libsystem_featureflags.dylib
0x00007fff20389000 	/usr/lib/system/libsystem_info.dylib
0x00007fff2a485000 	/usr/lib/system/libsystem_m.dylib
0x00007fff20163000 	/usr/lib/system/libsystem_malloc.dylib
0x00007fff24b16000 	/usr/lib/system/libsystem_networkextension.dylib
0x00007fff22bbb000 	/usr/lib/system/libsystem_notify.dylib
0x00007fff2fe1a000 	/usr/lib/system/libsystem_product_info_filter.dylib
0x00007fff28fe2000 	/usr/lib/system/libsystem_sandbox.dylib
0x00007fff2a525000 	/usr/lib/system/libsystem_secinit.dylib
0x00007fff20309000 	/usr/lib/system/libsystem_kernel.dylib
0x00007fff2037f000 	/usr/lib/system/libsystem_platform.dylib
0x00007fff20338000 	/usr/lib/system/libsystem_pthread.dylib
0x00007fff26280000 	/usr/lib/system/libsystem_symptoms.dylib
0x00007fff200ac000 	/usr/lib/system/libsystem_trace.dylib
0x00007fff2a4fc000 	/usr/lib/system/libunwind.dylib
0x00007fff20076000 	/usr/lib/system/libxpc.dylib
0x00007fff202f0000 	/usr/lib/libc++abi.dylib
0x00007fff2a507000 	/usr/lib/liboah.dylib
0x00007fff2abbd000 	/usr/lib/liblzma.5.dylib
0x00007fff20e76000 	/System/Library/Frameworks/SystemConfiguration.framework/Versions/A/SystemConfiguration
0x00007fff2a53c000 	/usr/lib/libfakelink.dylib
0x00007fff24678000 	/System/Library/Frameworks/CFNetwork.framework/Versions/A/CFNetwork
0x00007fff2a67c000 	/usr/lib/libarchive.2.dylib
0x00007fff20ef4000 	/usr/lib/libCRFSuite.dylib
0x00007fff29d10000 	/usr/lib/libbsm.0.dylib
0x00007fff24034000 	/usr/lib/libnetwork.dylib
0x00007fff2a541000 	/usr/lib/libpcap.A.dylib
0x00007fff26279000 	/usr/lib/libdns_services.dylib
0x00007fff2abd6000 	/usr/lib/libcoretls_cfhelpers.dylib
0x00007fff2a780000 	/usr/lib/libapple_nghttp2.dylib
0x00007fff2a4d4000 	/usr/lib/system/libkxld.dylib
0x00007fff25edf000 	/usr/lib/libsqlite3.dylib
0x00007fff2a24c000 	/System/Library/PrivateFrameworks/AppleFSCompression.framework/Versions/A/AppleFSCompression
0x00007fff29cf8000 	/usr/lib/libcoretls.dylib
0x00007fff2a7ad000 	/usr/lib/libpam.2.dylib
0x00007fff2acd2000 	/usr/lib/libxar.1.dylib
0x00007fff28fe9000 	/System/Library/PrivateFrameworks/AppleSystemInfo.framework/Versions/A/AppleSystemInfo
0x00007fff2993b000 	/System/Library/PrivateFrameworks/IOMobileFramebuffer.framework/Versions/A/IOMobileFramebuffer
0x00007fff2a25c000 	/usr/lib/libbz2.1.0.dylib
0x00007fff2a579000 	/usr/lib/libiconv.2.dylib
0x00007fff2a4cd000 	/usr/lib/libcharset.1.dylib
0x00007fff27145000 	/System/Library/Frameworks/CoreServices.framework/Versions/A/Frameworks/FSEvents.framework/Versions/A/FSEvents
0x00007fff227ab000 	/System/Library/Frameworks/CoreServices.framework/Versions/A/Frameworks/CarbonCore.framework/Versions/A/CarbonCore
0x00007fff26482000 	/System/Library/Frameworks/CoreServices.framework/Versions/A/Frameworks/Metadata.framework/Versions/A/Metadata
0x00007fff2a26f000 	/System/Library/Frameworks/CoreServices.framework/Versions/A/Frameworks/OSServices.framework/Versions/A/OSServices
0x00007fff2a6ee000 	/System/Library/Frameworks/CoreServices.framework/Versions/A/Frameworks/SearchKit.framework/Versions/A/SearchKit
0x00007fff26203000 	/System/Library/Frameworks/CoreServices.framework/Versions/A/Frameworks/AE.framework/Versions/A/AE
0x00007fff20851000 	/System/Library/Frameworks/CoreServices.framework/Versions/A/Frameworks/LaunchServices.framework/Versions/A/LaunchServices
0x00007fff2ab6e000 	/System/Library/Frameworks/CoreServices.framework/Versions/A/Frameworks/DictionaryServices.framework/Versions/A/DictionaryServices
0x00007fff2714e000 	/System/Library/Frameworks/CoreServices.framework/Versions/A/Frameworks/SharedFileList.framework/Versions/A/SharedFileList
0x00007fff29cec000 	/usr/lib/libCheckFix.dylib
0x00007fff24b99000 	/System/Library/PrivateFrameworks/TCC.framework/Versions/A/TCC
0x00007fff28fef000 	/System/Library/PrivateFrameworks/CoreNLP.framework/Versions/A/CoreNLP
0x00007fff26435000 	/System/Library/PrivateFrameworks/MetadataUtilities.framework/Versions/A/MetadataUtilities
0x00007fff20f2a000 	/usr/lib/libmecabra.dylib
0x00007fff29fff000 	/System/Library/Frameworks/MLCompute.framework/Versions/A/MLCompute
0x00007fff29d21000 	/usr/lib/libmecab.dylib
0x00007fff29d6b000 	/usr/lib/libgermantok.dylib
0x00007fff2a756000 	/usr/lib/libThaiTokenizer.dylib
0x00007fff2ad0d000 	/usr/lib/libChineseTokenizer.dylib
0x00007fff2a7ab000 	/System/Library/Frameworks/MetalPerformanceShaders.framework/Versions/A/MetalPerformanceShaders
0x00007fff26524000 	/System/Library/Frameworks/Accelerate.framework/Versions/A/Frameworks/vImage.framework/Versions/A/vImage
0x00007fff2fef5000 	/System/Library/Frameworks/Accelerate.framework/Versions/A/Frameworks/vecLib.framework/Versions/A/vecLib
0x00007fff2ad18000 	/System/Library/Frameworks/Accelerate.framework/Versions/A/Frameworks/vecLib.framework/Versions/A/libvMisc.dylib
0x00007fff29754000 	/System/Library/Frameworks/Accelerate.framework/Versions/A/Frameworks/vecLib.framework/Versions/A/libvDSP.dylib
0x00007fff20b55000 	/System/Library/Frameworks/Accelerate.framework/Versions/A/Frameworks/vecLib.framework/Versions/A/libBLAS.dylib
0x00007fff2a7d1000 	/System/Library/Frameworks/Accelerate.framework/Versions/A/Frameworks/vecLib.framework/Versions/A/libLAPACK.dylib
0x00007fff29d71000 	/System/Library/Frameworks/Accelerate.framework/Versions/A/Frameworks/vecLib.framework/Versions/A/libLinearAlgebra.dylib
0x00007fff2a798000 	/System/Library/Frameworks/Accelerate.framework/Versions/A/Frameworks/vecLib.framework/Versions/A/libSparseBLAS.dylib
0x00007fff2a7cb000 	/System/Library/Frameworks/Accelerate.framework/Versions/A/Frameworks/vecLib.framework/Versions/A/libQuadrature.dylib
0x00007fff29097000 	/System/Library/Frameworks/Accelerate.framework/Versions/A/Frameworks/vecLib.framework/Versions/A/libBNNS.dylib
0x00007fff20e07000 	/System/Library/Frameworks/Accelerate.framework/Versions/A/Frameworks/vecLib.framework/Versions/A/libSparse.dylib
0x00007fff28f82000 	/System/Library/Frameworks/MetalPerformanceShaders.framework/Versions/A/Frameworks/MPSCore.framework/Versions/A/MPSCore
0x00007fff2a1bb000 	/System/Library/Frameworks/MetalPerformanceShaders.framework/Versions/A/Frameworks/MPSImage.framework/Versions/A/MPSImage
0x00007fff29d87000 	/System/Library/Frameworks/MetalPerformanceShaders.framework/Versions/A/Frameworks/MPSNeuralNetwork.framework/Versions/A/MPSNeuralNetwork
0x00007fff2a146000 	/System/Library/Frameworks/MetalPerformanceShaders.framework/Versions/A/Frameworks/MPSMatrix.framework/Versions/A/MPSMatrix
0x00007fff29faf000 	/System/Library/Frameworks/MetalPerformanceShaders.framework/Versions/A/Frameworks/MPSRayIntersector.framework/Versions/A/MPSRayIntersector
0x00007fff2a17d000 	/System/Library/Frameworks/MetalPerformanceShaders.framework/Versions/A/Frameworks/MPSNDArray.framework/Versions/A/MPSNDArray
0x00007fff20a81000 	/System/Library/PrivateFrameworks/MetalTools.framework/Versions/A/MetalTools
0x00007fff28fe7000 	/System/Library/PrivateFrameworks/AggregateDictionary.framework/Versions/A/AggregateDictionary
0x00007fff2640d000 	/System/Library/PrivateFrameworks/CoreAnalytics.framework/Versions/A/CoreAnalytics
0x00007fff2a758000 	/System/Library/PrivateFrameworks/AppleSauce.framework/Versions/A/AppleSauce
0x00007fff282f5000 	/System/Library/PrivateFrameworks/IOAccelerator.framework/Versions/A/IOAccelerator
0x00007fff6c80d000 	/System/Library/Frameworks/OpenGL.framework/Versions/A/Libraries/libCoreFSCache.dylib
0x00007fff214c6000 	/System/Library/PrivateFrameworks/LanguageModeling.framework/Versions/A/LanguageModeling
0x00007fff29928000 	/System/Library/PrivateFrameworks/CoreEmoji.framework/Versions/A/CoreEmoji
0x00007fff29090000 	/System/Library/PrivateFrameworks/LinguisticData.framework/Versions/A/LinguisticData
0x00007fff20db9000 	/System/Library/PrivateFrameworks/Lexicon.framework/Versions/A/Lexicon
0x00007fff2a66a000 	/usr/lib/libcmph.dylib
0x00007fff27125000 	/System/Library/Frameworks/OpenDirectory.framework/Versions/A/Frameworks/CFOpenDirectory.framework/Versions/A/CFOpenDirectory
0x00007fff27115000 	/System/Library/Frameworks/OpenDirectory.framework/Versions/A/OpenDirectory
0x00007fff2abd8000 	/System/Library/PrivateFrameworks/APFS.framework/Versions/A/APFS
0x00007fff29c4d000 	/System/Library/Frameworks/SecurityFoundation.framework/Versions/A/SecurityFoundation
0x00007fff2ace0000 	/usr/lib/libutil.dylib
0x00007fff22ad2000 	/System/Library/PrivateFrameworks/CoreServicesStore.framework/Versions/A/CoreServicesStore
0x00007fff29ce4000 	/System/Library/Frameworks/ServiceManagement.framework/Versions/A/ServiceManagement
0x00007fff2ace4000 	/usr/lib/libxslt.1.dylib
0x00007fff29cda000 	/System/Library/PrivateFrameworks/BackgroundTaskManagement.framework/Versions/A/BackgroundTaskManagement
0x00007fff2bcd5000 	/System/Library/Frameworks/ImageIO.framework/Versions/A/Resources/libRadiance.dylib
0x00007fff2bcdf000 	/System/Library/Frameworks/ImageIO.framework/Versions/A/Resources/libJPEG.dylib
0x00007fff2bc2e000 	/System/Library/Frameworks/ImageIO.framework/Versions/A/Resources/libPng.dylib
0x00007fff2bc55000 	/System/Library/Frameworks/ImageIO.framework/Versions/A/Resources/libTIFF.dylib
0x00007fff2bd34000 	/System/Library/Frameworks/ImageIO.framework/Versions/A/Resources/libGIF.dylib
0x00007fff2b991000 	/System/Library/Frameworks/ImageIO.framework/Versions/A/Resources/libJP2.dylib
0x00007fff2b07b000 	/usr/lib/libexpat.1.dylib
0x00007fff2b946000 	/System/Library/PrivateFrameworks/AppleJPEG.framework/Versions/A/AppleJPEG
0x00007fff2852b000 	/System/Library/PrivateFrameworks/FontServices.framework/libFontParser.dylib
0x00007fff261b7000 	/System/Library/PrivateFrameworks/RunningBoardServices.framework/Versions/A/RunningBoardServices
0x00007fff2ba70000 	/System/Library/PrivateFrameworks/WatchdogClient.framework/Versions/A/WatchdogClient
0x00007fff215b3000 	/System/Library/Frameworks/CoreDisplay.framework/Versions/A/CoreDisplay
0x00007fff28441000 	/System/Library/Frameworks/CoreMedia.framework/Versions/A/CoreMedia
0x00007fff272a2000 	/System/Library/Frameworks/CoreVideo.framework/Versions/A/CoreVideo
0x00007fff2baa8000 	/System/Library/Frameworks/VideoToolbox.framework/Versions/A/VideoToolbox
0x00007fff26135000 	/System/Library/PrivateFrameworks/BaseBoard.framework/Versions/A/BaseBoard
0x00007fff2b1c0000 	/System/Library/PrivateFrameworks/PersistentConnection.framework/Versions/A/PersistentConnection
0x00007fff25ec8000 	/System/Library/PrivateFrameworks/ProtocolBuffer.framework/Versions/A/ProtocolBuffer
0x00007fff2611c000 	/System/Library/PrivateFrameworks/CommonUtilities.framework/Versions/A/CommonUtilities
0x00007fff2b8db000 	/System/Library/PrivateFrameworks/Bom.framework/Versions/A/Bom
0x00007fff2bcce000 	/System/Library/PrivateFrameworks/GPUWrangler.framework/Versions/A/GPUWrangler
0x00007fff2bcb3000 	/System/Library/PrivateFrameworks/IOPresentment.framework/Versions/A/IOPresentment
0x00007fff2bcd9000 	/System/Library/PrivateFrameworks/DSExternalDisplay.framework/Versions/A/DSExternalDisplay
0x00007fff2bd39000 	/System/Library/PrivateFrameworks/CMCaptureCore.framework/Versions/A/CMCaptureCore
0x00007fff2b660000 	/System/Library/PrivateFrameworks/AppServerSupport.framework/Versions/A/AppServerSupport
0x00007fff2d70c000 	/System/Library/PrivateFrameworks/perfdata.framework/Versions/A/perfdata
0x00007fff29c3c000 	/System/Library/PrivateFrameworks/AssertionServices.framework/Versions/A/AssertionServices
0x00007fff216ea000 	/System/Library/PrivateFrameworks/AudioToolboxCore.framework/Versions/A/AudioToolboxCore
0x00007fff28424000 	/System/Library/PrivateFrameworks/caulk.framework/Versions/A/caulk
0x00007fff3d399000 	/System/Library/PrivateFrameworks/SystemPolicy.framework/Versions/A/SystemPolicy
0x00007fff2ae70000 	/usr/lib/libIOReport.dylib
0x00007fff2cf2e000 	/usr/lib/libSMC.dylib
0x00007fff2bbfb000 	/usr/lib/libAudioToolboxUtility.dylib
0x00007fff3dd03000 	/usr/lib/libmis.dylib
0x00007fff6c869000 	/System/Library/Frameworks/OpenGL.framework/Versions/A/Libraries/libGLU.dylib
0x00007fff6c82c000 	/System/Library/Frameworks/OpenGL.framework/Versions/A/Libraries/libGFXShared.dylib
0x00007fff6ca3b000 	/System/Library/Frameworks/OpenGL.framework/Versions/A/Libraries/libGL.dylib
0x00007fff6c835000 	/System/Library/Frameworks/OpenGL.framework/Versions/A/Libraries/libGLImage.dylib
0x00007fff6c829000 	/System/Library/Frameworks/OpenGL.framework/Versions/A/Libraries/libCVMSPluginSupport.dylib
0x00007fff6c814000 	/System/Library/Frameworks/OpenGL.framework/Versions/A/Libraries/libCoreVMClient.dylib
0x00007fff6de7c000 	/System/Library/Frameworks/OpenCL.framework/Versions/A/OpenCL
0x00007fff2b1ea000 	/System/Library/PrivateFrameworks/GraphVisualizer.framework/Versions/A/GraphVisualizer
0x00007fff2b1f9000 	/System/Library/PrivateFrameworks/FaceCore.framework/Versions/A/FaceCore
0x00007fff2b615000 	/System/Library/PrivateFrameworks/OTSVG.framework/Versions/A/OTSVG
0x00007fff26e99000 	/System/Library/Frameworks/ApplicationServices.framework/Versions/A/Frameworks/ATS.framework/Versions/A/Resources/libFontRegistry.dylib
0x00007fff2b667000 	/System/Library/PrivateFrameworks/FontServices.framework/libhvf.dylib
0x00007fff2b027000 	/System/Library/PrivateFrameworks/AppleVA.framework/Versions/A/AppleVA
0x00007fff2cd77000 	/System/Library/Frameworks/ApplicationServices.framework/Versions/A/Frameworks/ATS.framework/Versions/A/ATS
0x00007fff2d089000 	/System/Library/Frameworks/ApplicationServices.framework/Versions/A/Frameworks/ColorSyncLegacy.framework/Versions/A/ColorSyncLegacy
0x00007fff256a2000 	/System/Library/Frameworks/ApplicationServices.framework/Versions/A/Frameworks/HIServices.framework/Versions/A/HIServices
0x00007fff2d06e000 	/System/Library/Frameworks/ApplicationServices.framework/Versions/A/Frameworks/LangAnalysis.framework/Versions/A/LangAnalysis
0x00007fff2bd43000 	/System/Library/Frameworks/ApplicationServices.framework/Versions/A/Frameworks/PrintCore.framework/Versions/A/PrintCore
0x00007fff2d091000 	/System/Library/Frameworks/ApplicationServices.framework/Versions/A/Frameworks/QD.framework/Versions/A/QD
0x00007fff2cd67000 	/System/Library/Frameworks/ApplicationServices.framework/Versions/A/Frameworks/SpeechSynthesis.framework/Versions/A/SpeechSynthesis
0x00007fff2bd04000 	/System/Library/Frameworks/ApplicationServices.framework/Versions/A/Frameworks/ATSUI.framework/Versions/A/ATSUI
0x00007fff2d00e000 	/usr/lib/libcups.2.dylib
0x00007fff2d07e000 	/System/Library/PrivateFrameworks/NetAuth.framework/Versions/A/NetAuth
0x00007fff2d728000 	/System/Library/Frameworks/Kerberos.framework/Versions/A/Kerberos
0x00007fff2d738000 	/System/Library/Frameworks/GSS.framework/Versions/A/GSS
0x00007fff2cde3000 	/usr/lib/libresolv.9.dylib
0x00007fff2b67c000 	/System/Library/PrivateFrameworks/Heimdal.framework/Versions/A/Heimdal
0x00007fff334af000 	/System/Library/Frameworks/Kerberos.framework/Versions/A/Libraries/libHeimdalProxy.dylib
0x00007fff26288000 	/System/Library/Frameworks/Network.framework/Versions/A/Network
0x00007fff2b095000 	/usr/lib/libheimdal-asn1.dylib
0x00007fff2d788000 	/System/Library/PrivateFrameworks/CommonAuth.framework/Versions/A/CommonAuth
0x00007fff272ef000 	/System/Library/PrivateFrameworks/login.framework/Versions/A/Frameworks/loginsupport.framework/Versions/A/loginsupport
0x00007fff2ccec000 	/System/Library/PrivateFrameworks/AudioSession.framework/Versions/A/AudioSession
0x00007fff2cd54000 	/usr/lib/libAudioStatistics.dylib
0x00007fff2b122000 	/System/Library/PrivateFrameworks/MediaExperience.framework/Versions/A/MediaExperience
0x00007fff2cb89000 	/System/Library/PrivateFrameworks/AudioSession.framework/libSessionUtility.dylib
0x00007fff2d719000 	/usr/lib/libperfcheck.dylib
0x00007fff2d09d000 	/System/Library/PrivateFrameworks/AudioResourceArbitration.framework/Versions/A/AudioResourceArbitration
0x00007fff2b09f000 	/System/Library/PrivateFrameworks/IconFoundation.framework/Versions/A/IconFoundation
0x00007fff2fbbf000 	/System/Library/PrivateFrameworks/SpeechRecognitionCore.framework/Versions/A/SpeechRecognitionCore
0x0000000108800000 	/Library/Java/JavaVirtualMachines/jdk1.8.0_181.jdk/Contents/Home/jre/lib/server/libjvm.dylib
0x00007fff78aa8000 	/usr/lib/libstdc++.6.dylib
0x000000010253a000 	/Library/Java/JavaVirtualMachines/jdk1.8.0_181.jdk/Contents/Home/jre/lib/libverify.dylib
0x0000000102548000 	/Library/Java/JavaVirtualMachines/jdk1.8.0_181.jdk/Contents/Home/jre/lib/libjava.dylib
0x000000010257f000 	/Library/Java/JavaVirtualMachines/jdk1.8.0_181.jdk/Contents/Home/jre/lib/libinstrument.dylib
0x00000001025eb000 	/Library/Java/JavaVirtualMachines/jdk1.8.0_181.jdk/Contents/Home/jre/lib/libzip.dylib
0x000000010ee51000 	/Library/Java/JavaVirtualMachines/jdk1.8.0_181.jdk/Contents/Home/jre/lib/libnet.dylib
0x000000010f08e000 	/Library/Java/JavaVirtualMachines/jdk1.8.0_181.jdk/Contents/Home/jre/lib/libnio.dylib
0x000000010f09e000 	/Library/Java/JavaVirtualMachines/jdk1.8.0_181.jdk/Contents/Home/jre/lib/libmanagement.dylib
0x000000010f0b1000 	/private/var/folders/bb/07hnrsw93d78_zq0ldsz05ch0000gp/T/libJVips.dylib7977721306431165541
0x000000010f0c5000 	/usr/local/opt/glib/lib/libglib-2.0.0.dylib
0x000000010f1f9000 	/usr/local/opt/gettext/lib/libintl.8.dylib
0x000000012f18e000 	/usr/local/opt/vips/lib/libvips.42.dylib
0x000000010f209000 	/usr/local/opt/glib/lib/libgobject-2.0.0.dylib
0x000000012f636000 	/usr/local/opt/pcre/lib/libpcre.1.dylib
0x000000012f6a5000 	/usr/local/opt/libheif/lib/libheif.1.dylib
0x000000012f731000 	/usr/local/opt/imagemagick/lib/libMagickCore-7.Q16HDRI.8.dylib
0x000000010f25d000 	/usr/local/opt/libspng/lib/libspng.0.dylib
0x000000012f925000 	/usr/local/opt/libpng/lib/libpng16.16.dylib
0x000000012f951000 	/usr/local/opt/libimagequant/lib/libimagequant.0.dylib
0x000000012f965000 	/usr/local/opt/libtiff/lib/libtiff.5.dylib
0x000000012f9dd000 	/usr/local/opt/mozjpeg/lib/libjpeg.62.dylib
0x000000012fa7d000 	/usr/local/opt/glib/lib/libgmodule-2.0.0.dylib
0x000000012fa8d000 	/usr/local/opt/pango/lib/libpangoft2-1.0.0.dylib
0x000000012fab1000 	/usr/local/opt/pango/lib/libpango-1.0.0.dylib
0x000000012fb09000 	/usr/local/opt/harfbuzz/lib/libharfbuzz.0.dylib
0x000000012fc19000 	/usr/local/opt/fontconfig/lib/libfontconfig.1.dylib
0x000000012fc56000 	/usr/local/opt/freetype/lib/libfreetype.6.dylib
0x000000012fcf6000 	/usr/local/opt/libgsf/lib/libgsf-1.114.dylib
0x000000012fd34000 	/usr/local/opt/libxml2/lib/libxml2.2.dylib
0x000000012fe48000 	/usr/local/opt/fftw/lib/libfftw3.3.dylib
0x0000000130024000 	/usr/local/opt/orc/lib/liborc-0.4.0.dylib
0x00000001300c3000 	/usr/local/opt/little-cms2/lib/liblcms2.2.dylib
0x000000010f26c000 	/usr/local/opt/giflib/lib/libgif.dylib
0x0000000130110000 	/usr/local/opt/librsvg/lib/librsvg-2.2.dylib
0x0000000131514000 	/usr/local/opt/glib/lib/libgio-2.0.0.dylib
0x00000001316d4000 	/usr/local/opt/gdk-pixbuf/lib/libgdk_pixbuf-2.0.0.dylib
0x0000000131704000 	/usr/local/opt/poppler/lib/libpoppler-glib.8.dylib
0x0000000131760000 	/usr/local/opt/cairo/lib/libcairo.2.dylib
0x0000000131848000 	/usr/local/opt/openexr/lib/libIlmImf-2_5.25.dylib
0x0000000131b14000 	/usr/local/opt/ilmbase/lib/libImath-2_5.25.dylib
0x0000000131b30000 	/usr/local/opt/ilmbase/lib/libHalf-2_5.25.dylib
0x0000000131b80000 	/usr/local/opt/ilmbase/lib/libIex-2_5.25.dylib
0x0000000131bf0000 	/usr/local/opt/ilmbase/lib/libIexMath-2_5.25.dylib
0x0000000131c00000 	/usr/local/opt/ilmbase/lib/libIlmThread-2_5.25.dylib
0x0000000131c10000 	/usr/local/opt/openslide/lib/libopenslide.0.dylib
0x0000000131c40000 	/usr/local/opt/cfitsio/lib/libcfitsio.9.dylib
0x0000000131efe000 	/usr/local/opt/webp/lib/libwebpmux.3.dylib
0x0000000131f09000 	/usr/local/opt/webp/lib/libwebpdemux.2.dylib
0x0000000131f0f000 	/usr/local/opt/webp/lib/libwebp.7.dylib
0x0000000131f71000 	/usr/local/opt/libmatio/lib/libmatio.11.dylib
0x0000000131fd9000 	/usr/local/opt/hdf5/lib/libhdf5.200.dylib
0x000000013230d000 	/usr/local/opt/libexif/lib/libexif.12.dylib
0x0000000132342000 	/usr/local/opt/libde265/lib/libde265.0.dylib
0x00000001323ee000 	/usr/local/opt/x265/lib/libx265.192.dylib
0x0000000133492000 	/usr/local/opt/libomp/lib/libomp.dylib
0x0000000133526000 	/usr/local/opt/liblqr/lib/liblqr-1.0.dylib
0x0000000133535000 	/usr/local/opt/xz/lib/liblzma.5.dylib
0x0000000133557000 	/usr/local/opt/libtool/lib/libltdl.7.dylib
0x0000000133562000 	/usr/local/opt/jpeg/lib/libjpeg.9.dylib
0x00000001335a2000 	/usr/local/opt/fribidi/lib/libfribidi.0.dylib
0x00000001335bf000 	/usr/local/opt/libffi/lib/libffi.7.dylib
0x00000001335c9000 	/usr/local/opt/graphite2/lib/libgraphite2.3.dylib
0x00000001335e7000 	/usr/local/lib/gcc/10/libgcc_s.1.dylib
0x000000013360f000 	/usr/local/opt/cairo/lib/libcairo-gobject.2.dylib
0x0000000133623000 	/usr/local/opt/pango/lib/libpangocairo-1.0.0.dylib
0x0000000133647000 	/usr/local/opt/pixman/lib/libpixman-1.0.dylib
0x00000001336d1000 	/usr/local/Cellar/poppler/20.12.1/lib/libpoppler.105.0.0.dylib
0x00007fff32f82000 	/usr/lib/libcurl.4.dylib
0x000000013394d000 	/usr/local/opt/openjpeg/lib/libopenjp2.7.dylib
0x000000013398e000 	/usr/local/opt/nss/lib/libnss3.dylib
0x0000000133ab6000 	/usr/local/opt/nss/lib/libnssutil3.dylib
0x0000000133ae6000 	/usr/local/opt/nss/lib/libsmime3.dylib
0x0000000133b1a000 	/usr/local/opt/nss/lib/libssl3.dylib
0x0000000133b72000 	/usr/local/opt/nspr/lib/libplds4.dylib
0x0000000133b7a000 	/usr/local/opt/nspr/lib/libplc4.dylib
0x0000000133b84000 	/usr/local/opt/nspr/lib/libnspr4.dylib
0x00007fff32ce2000 	/usr/lib/libcrypto.44.dylib
0x00007fff32de6000 	/usr/lib/libssl.46.dylib
0x00007fff32ca8000 	/System/Library/Frameworks/LDAP.framework/Versions/A/LDAP
0x00007fff32ce0000 	/System/Library/PrivateFrameworks/TrustEvaluationAgent.framework/Versions/A/TrustEvaluationAgent
0x00007fff2cdfc000 	/usr/lib/libsasl2.2.dylib
0x00007fff3025c000 	/System/Library/PrivateFrameworks/CoreDaemon.framework/Versions/B/CoreDaemon
0x00007fff30257000 	/System/Library/PrivateFrameworks/AppleSRP.framework/Versions/A/AppleSRP
0x0000000133bb8000 	/usr/local/opt/glib/lib/libgthread-2.0.0.dylib
0x0000000133bc8000 	/usr/local/opt/sqlite/lib/libsqlite3.0.dylib
0x0000000133ccc000 	/usr/local/opt/szip/lib/libsz.2.dylib

VM Arguments:
jvm_args: -javaagent:/Users/svenweisker/Library/Application Support/JetBrains/Toolbox/apps/IDEA-U/ch-0/203.6682.168/IntelliJ IDEA.app/Contents/lib/idea_rt.jar=51144:/Users/svenweisker/Library/Application Support/JetBrains/Toolbox/apps/IDEA-U/ch-0/203.6682.168/IntelliJ IDEA.app/Contents/bin -Dfile.encoding=UTF-8 
java_command: imageScalerMicronaut.ApplicationKt
java_class_path (initial): /Library/Java/JavaVirtualMachines/jdk1.8.0_181.jdk/Contents/Home/jre/lib/charsets.jar:/Library/Java/JavaVirtualMachines/jdk1.8.0_181.jdk/Contents/Home/jre/lib/deploy.jar:/Library/Java/JavaVirtualMachines/jdk1.8.0_181.jdk/Contents/Home/jre/lib/ext/cldrdata.jar:/Library/Java/JavaVirtualMachines/jdk1.8.0_181.jdk/Contents/Home/jre/lib/ext/dnsns.jar:/Library/Java/JavaVirtualMachines/jdk1.8.0_181.jdk/Contents/Home/jre/lib/ext/jaccess.jar:/Library/Java/JavaVirtualMachines/jdk1.8.0_181.jdk/Contents/Home/jre/lib/ext/jfxrt.jar:/Library/Java/JavaVirtualMachines/jdk1.8.0_181.jdk/Contents/Home/jre/lib/ext/localedata.jar:/Library/Java/JavaVirtualMachines/jdk1.8.0_181.jdk/Contents/Home/jre/lib/ext/nashorn.jar:/Library/Java/JavaVirtualMachines/jdk1.8.0_181.jdk/Contents/Home/jre/lib/ext/sunec.jar:/Library/Java/JavaVirtualMachines/jdk1.8.0_181.jdk/Contents/Home/jre/lib/ext/sunjce_provider.jar:/Library/Java/JavaVirtualMachines/jdk1.8.0_181.jdk/Contents/Home/jre/lib/ext/sunpkcs11.jar:/Library/Java/JavaVirtualMachines/jdk1.8.0_181.jdk/Contents/Home/jre/lib/ext/zipfs.jar:/Library/Java/JavaVirtualMachines/jdk1.8.0_181.jdk/Contents/Home/jre/lib/javaws.jar:/Library/Java/JavaVirtualMachines/jdk1.8.0_181.jdk/Contents/Home/jre/lib/jce.jar:/Library/Java/JavaVirtualMachines/jdk1.8.0_181.jdk/Contents/Home/jre/lib/jfr.jar:/Library/Java/JavaVirtualMachines/jdk1.8.0_181.jdk/Contents/Home/jre/lib/jfxswt.jar:/Library/Java/JavaVirtualMachines/jdk1.8.0_181.jdk/Contents/Home/jre/lib/jsse.jar:/Library/Java/JavaVirtualMachines/jdk1.8.0_181.jdk/Contents/Home/jre/lib/management-agent.jar:/Library/Java/JavaVirtualMachines/jdk1.8.0_181.jdk/Contents/Home/jre/lib/plugin.jar:/Library/Java/JavaVirtualMachines/jdk1.8.0_181.jdk/Contents/Home/jre/lib/resources.jar:/Library/Java/JavaVirtualMachines/jdk1.8.0_181.jdk/Contents/Home/jre/lib/rt.jar:/Library/Java/JavaVirtualMachines/jdk1.8.0_181.jdk/Contents/Home/lib/ant-javafx.jar:/Library/Java/JavaVirtualMachines/jdk1.8.0_181.jdk/Contents/Home
Launcher Type: SUN_STANDARD

Environment Variables:
JAVA_HOME=/Users/svenweisker/.sdkman/candidates/java/current
PATH=/Users/svenweisker/.sdkman/candidates/java/current/bin:/usr/local/bin:/Users/svenweisker/vips/bin:/Users/svenweisker/.cargo/bin:/usr/local/opt/jpeg-turbo/bin:/usr/local/bin:/usr/bin:/bin:/usr/sbin:/sbin:/usr/local/share/dotnet:~/.dotnet/tools:/Library/Frameworks/Mono.framework/Versions/Current/Commands:/Users/svenweisker/.cargo/bin
SHELL=/bin/zsh

Signal Handlers:
SIGSEGV: [libjvm.dylib+0x5b6029], sa_mask[0]=11111111011111110111111111111111, sa_flags=SA_ONSTACK|SA_RESTART|SA_SIGINFO
SIGBUS: [libjvm.dylib+0x5b6029], sa_mask[0]=11111111011111110111111111111111, sa_flags=SA_RESTART|SA_SIGINFO
SIGFPE: [libjvm.dylib+0x48b934], sa_mask[0]=11111111011111110111111111111111, sa_flags=SA_RESTART|SA_SIGINFO
SIGPIPE: [libjvm.dylib+0x48b934], sa_mask[0]=11111111011111110111111111111111, sa_flags=SA_RESTART|SA_SIGINFO
SIGXFSZ: [libjvm.dylib+0x48b934], sa_mask[0]=11111111011111110111111111111111, sa_flags=SA_RESTART|SA_SIGINFO
SIGILL: [libjvm.dylib+0x48b934], sa_mask[0]=11111111011111110111111111111111, sa_flags=SA_RESTART|SA_SIGINFO
SIGUSR1: SIG_DFL, sa_mask[0]=00000000000000000000000000000000, sa_flags=none
SIGUSR2: [libjvm.dylib+0x48b452], sa_mask[0]=00100000000000000000000000000000, sa_flags=SA_RESTART|SA_SIGINFO
SIGHUP: [libjvm.dylib+0x489a1d], sa_mask[0]=11111111011111110111111111111111, sa_flags=SA_RESTART|SA_SIGINFO
SIGINT: [libjvm.dylib+0x489a1d], sa_mask[0]=11111111011111110111111111111111, sa_flags=SA_RESTART|SA_SIGINFO
SIGTERM: [libjvm.dylib+0x489a1d], sa_mask[0]=11111111011111110111111111111111, sa_flags=SA_RESTART|SA_SIGINFO
SIGQUIT: [libjvm.dylib+0x489a1d], sa_mask[0]=11111111011111110111111111111111, sa_flags=SA_RESTART|SA_SIGINFO


---------------  S Y S T E M  ---------------

OS:Bsduname:Darwin 20.2.0 Darwin Kernel Version 20.2.0: Wed Dec  2 20:39:59 PST 2020; root:xnu-7195.60.75~1/RELEASE_X86_64 x86_64
rlimit: STACK 8192k, CORE 0k, NPROC 5568, NOFILE 10240, AS infinity
load average:2.43 4.75 2.77

CPU:total 12 (initial active 12) (6 cores per cpu, 2 threads per core) family 6 model 158 stepping 10, cmov, cx8, fxsr, mmx, sse, sse2, sse3, ssse3, sse4.1, sse4.2, popcnt, avx, avx2, aes, clmul, erms, 3dnowpref, lzcnt, ht, tsc, tscinvbit, bmi1, bmi2, adx

Memory: 4k page, physical 33554432k(1807384k free)

/proc/meminfo:


vm_info: Java HotSpot(TM) 64-Bit Server VM (25.181-b13) for bsd-amd64 JRE (1.8.0_181-b13), built on Jul  7 2018 01:02:31 by "java_re" with gcc 4.2.1 (Based on Apple Inc. build 5658) (LLVM build 2336.11.00)

time: Wed Jan  6 10:05:00 2021
elapsed time: 14 seconds (0d 0h 0m 14s)

